<?xml version="1.0" encoding="UTF-8"?>
<!-- Generated by org.testng.reporters.JUnitXMLReporter -->
<testsuite ignored="0" hostname="Ameet" failures="0" tests="16" name="Default test" time="30.229" errors="0" timestamp="2025-01-28T18:29:08 IST">
  <testcase classname="testcases.RestAssured_TestCases_PL2" name="getAllStocksTest" time="12.627"/>
  <testcase classname="testcases.RestAssured_TestCases_PL2" name="getMainStoreTest" time="1.089"/>
  <testcase classname="testcases.RestAssured_TestCases_PL2" name="getRequisitionByDateRangeTest" time="0.972"/>
  <testcase classname="testcases.RestAssured_TestCases_PL2" name="getPatientConsumptionsTest" time="0.925"/>
  <testcase classname="testcases.RestAssured_TestCases_PL2" name="getPatientConsumptionInfoByPatientIdAndVisitIdTest" time="1.164"/>
  <testcase classname="testcases.RestAssured_TestCases_PL2" name="getBillingSchemeBySchemeIdTest" time="0.965"/>
  <testcase classname="testcases.RestAssured_TestCases_PL2" name="getBillingSummaryByPatientIdTest" time="0.734"/>
  <testcase classname="testcases.RestAssured_TestCases_PL2" name="getConsumptionsListOfAPatientByIdTest" time="0.866"/>
  <testcase classname="testcases.RestAssured_TestCases_PL2" name="getReturnConsumptionsListTest" time="1.644"/>
  <testcase classname="testcases.RestAssured_TestCases_PL2" name="getDischargedPatientsTest" time="1.079"/>
  <testcase classname="testcases.RestAssured_TestCases_PL2" name="validateFilmTypesApiResponseTest" time="0.987"/>
  <testcase classname="testcases.RestAssured_TestCases_PL2" name="validateImagingItemsApiResponseTest" time="2.15"/>
  <testcase classname="testcases.RestAssured_TestCases_PL2" name="validateImagingReportsWithStatusAndDateRangeTest" time="0.74"/>
  <testcase classname="testcases.RestAssured_TestCases_PL2" name="getAdmittedPatientDataTest" time="1.772"/>
  <testcase classname="testcases.RestAssured_TestCases_PL2" name="getInPatientProvisionalItemsTest" time="1.127"/>
  <testcase classname="testcases.RestAssured_TestCases_PL2" name="getListOfDoctorsTest" time="0.954"/>
</testsuite> <!-- Default test -->
