<?xml version="1.0" encoding="UTF-8"?>
<!-- Generated by org.testng.reporters.JUnitXMLReporter -->
<testsuite ignored="13" hostname="USER-4" failures="0" tests="0" time="0.04" errors="0" timestamp="2025-01-21T12:09:22 IST">
  <testcase classname="testcases.RestAssured_TestCases_PL1" name="validateFilmTypesApiResponse" time="0.0">
    <ignored/>
  </testcase> <!-- validateFilmTypesApiResponse -->
  <testcase classname="testcases.RestAssured_TestCases_PL1" name="getMainStore" time="0.0">
    <ignored/>
  </testcase> <!-- getMainStore -->
  <testcase classname="testcases.RestAssured_TestCases_PL1" name="getPatientConsumptions" time="0.0">
    <ignored/>
  </testcase> <!-- getPatientConsumptions -->
  <testcase classname="testcases.RestAssured_TestCases_PL1" name="getAllStocks" time="0.0">
    <ignored/>
  </testcase> <!-- getAllStocks -->
  <testcase classname="testcases.RestAssured_TestCases_PL1" name="getBillingSchemeBySchemeId" time="0.0">
    <ignored/>
  </testcase> <!-- getBillingSchemeBySchemeId -->
  <testcase classname="testcases.RestAssured_TestCases_PL1" name="getBillingSummaryByPatientId" time="0.0">
    <ignored/>
  </testcase> <!-- getBillingSummaryByPatientId -->
  <testcase classname="testcases.RestAssured_TestCases_PL1" name="getRequisitionByDateRange" time="0.0">
    <ignored/>
  </testcase> <!-- getRequisitionByDateRange -->
  <testcase classname="testcases.RestAssured_TestCases_PL1" name="searchIpdPatientByPatientId" time="0.0">
    <ignored/>
  </testcase> <!-- searchIpdPatientByPatientId -->
  <testcase classname="testcases.RestAssured_TestCases_PL1" name="getConsumptionsListOfAPatientById" time="0.0">
    <ignored/>
  </testcase> <!-- getConsumptionsListOfAPatientById -->
  <testcase classname="testcases.RestAssured_TestCases_PL1" name="getAdmittedPatients" time="0.0">
    <ignored/>
  </testcase> <!-- getAdmittedPatients -->
  <testcase classname="testcases.RestAssured_TestCases_PL1" name="getDischargedPatients" time="0.0">
    <ignored/>
  </testcase> <!-- getDischargedPatients -->
  <testcase classname="testcases.RestAssured_TestCases_PL1" name="getPatientConsumptionInfoByPatientIdAndVisitId" time="0.0">
    <ignored/>
  </testcase> <!-- getPatientConsumptionInfoByPatientIdAndVisitId -->
  <testcase classname="testcases.RestAssured_TestCases_PL1" name="getReturnConsumptionsList" time="0.0">
    <ignored/>
  </testcase> <!-- getReturnConsumptionsList -->
</testsuite>
